c:\users\david shustin\documents\visual studio 2015\projects\isoquad\isoquad\debug\vc140.pdb
c:\users\david shustin\documents\visual studio 2015\projects\isoquad\isoquad\debug\vc140.idb
c:\users\david shustin\documents\visual studio 2015\projects\isoquad\isoquad\debug\main.obj
c:\users\david shustin\documents\visual studio 2015\projects\isoquad\isoquad\debug\serialclass.obj
c:\users\david shustin\desktop\projects\isoquad\isoquad\debug\vc140.pdb
c:\users\david shustin\desktop\projects\isoquad\isoquad\debug\vc140.idb
c:\users\david shustin\desktop\projects\isoquad\isoquad\debug\main.obj
c:\users\david shustin\desktop\projects\isoquad\isoquad\debug\serialclass.obj
c:\users\david shustin\documents\visual studio 2015\projects\isoquad\debug\isoquad.ilk
c:\users\david shustin\documents\visual studio 2015\projects\isoquad\debug\isoquad.exe
c:\users\david shustin\documents\visual studio 2015\projects\isoquad\debug\isoquad.pdb
c:\users\david shustin\desktop\projects\isoquad\debug\isoquad.ilk
c:\users\david shustin\desktop\projects\isoquad\debug\isoquad.exe
c:\users\david shustin\desktop\projects\isoquad\debug\isoquad.pdb
c:\users\david shustin\desktop\projects\isoquad\isoquad\debug\isoquad.tlog\cl.command.1.tlog
c:\users\david shustin\desktop\projects\isoquad\isoquad\debug\isoquad.tlog\cl.read.1.tlog
c:\users\david shustin\desktop\projects\isoquad\isoquad\debug\isoquad.tlog\cl.write.1.tlog
c:\users\david shustin\desktop\projects\isoquad\isoquad\debug\isoquad.tlog\link.command.1.tlog
c:\users\david shustin\desktop\projects\isoquad\isoquad\debug\isoquad.tlog\link.read.1.tlog
c:\users\david shustin\desktop\projects\isoquad\isoquad\debug\isoquad.tlog\link.write.1.tlog
